<?xml version="1.0" encoding="UTF-8"?>
<!-- Generated by org.testng.reporters.JUnitReportReporter -->
<testsuite skipped="0" hostname="Mahmoud" name="VSSE.Iphone.SearchTest" tests="2" failures="0" timestamp="15 Jun 2019 20:32:21 GMT" time="66.435" errors="0">
  <testcase name="f2AssertNumber" time="0.733" classname="VSSE.Iphone.SearchTest"/>
  <testcase name="f1AssertUrl" time="65.702" classname="VSSE.Iphone.SearchTest"/>
</testsuite> <!-- VSSE.Iphone.SearchTest -->
